  [1m[35m (63.8ms)[0m  [1m[35mCREATE TABLE "schema_migrations" ("version" character varying NOT NULL PRIMARY KEY)[0m
  [1m[35m (21.8ms)[0m  [1m[35mCREATE TABLE "ar_internal_metadata" ("key" character varying NOT NULL PRIMARY KEY, "value" character varying, "created_at" timestamp NOT NULL, "updated_at" timestamp NOT NULL)[0m
  [1m[35m (1.3ms)[0m  [1m[34mSELECT pg_try_advisory_lock(4581737665083604830);[0m
  [1m[35m (1.4ms)[0m  [1m[34mSELECT "schema_migrations"."version" FROM "schema_migrations" ORDER BY "schema_migrations"."version" ASC[0m
Migrating to CreateEntries (20170714133930)
  [1m[35m (0.3ms)[0m  [1m[35mBEGIN[0m
  [1m[35m (31.1ms)[0m  [1m[35mCREATE TABLE "entries" ("id" bigserial primary key, "author" character varying, "content" text, "date" character varying, "time" character varying, "category" character varying, "created_at" timestamp NOT NULL, "updated_at" timestamp NOT NULL)[0m
  [1m[35mSQL (2.3ms)[0m  [1m[32mINSERT INTO "schema_migrations" ("version") VALUES ($1) RETURNING "version"[0m  [["version", "20170714133930"]]
  [1m[35m (0.4ms)[0m  [1m[35mCOMMIT[0m
  [1m[36mActiveRecord::InternalMetadata Load (0.3ms)[0m  [1m[34mSELECT  "ar_internal_metadata".* FROM "ar_internal_metadata" WHERE "ar_internal_metadata"."key" = $1 LIMIT $2[0m  [["key", "environment"], ["LIMIT", 1]]
  [1m[35m (0.2ms)[0m  [1m[35mBEGIN[0m
  [1m[35mSQL (1.3ms)[0m  [1m[32mINSERT INTO "ar_internal_metadata" ("key", "value", "created_at", "updated_at") VALUES ($1, $2, $3, $4) RETURNING "key"[0m  [["key", "environment"], ["value", "development"], ["created_at", "2017-07-14 13:41:03.085451"], ["updated_at", "2017-07-14 13:41:03.085451"]]
  [1m[35m (0.4ms)[0m  [1m[35mCOMMIT[0m
  [1m[35m (0.3ms)[0m  [1m[34mSELECT pg_advisory_unlock(4581737665083604830)[0m
  [1m[35m (0.6ms)[0m  [1m[34mSELECT "schema_migrations"."version" FROM "schema_migrations" ORDER BY "schema_migrations"."version" ASC[0m
  [1m[35m (0.7ms)[0m  [1m[34mSELECT "schema_migrations"."version" FROM "schema_migrations" ORDER BY "schema_migrations"."version" ASC[0m
  [1m[35m (0.2ms)[0m  [1m[35mBEGIN[0m
  [1m[35mSQL (11.5ms)[0m  [1m[32mINSERT INTO "entries" ("author", "content", "date", "time", "category", "created_at", "updated_at") VALUES ($1, $2, $3, $4, $5, $6, $7) RETURNING "id"[0m  [["author", "admin"], ["content", "Why is my site broken?"], ["date", "07132017"], ["time", "1821"], ["category", "nightmare"], ["created_at", "2017-07-14 13:41:44.916129"], ["updated_at", "2017-07-14 13:41:44.916129"]]
  [1m[35m (0.7ms)[0m  [1m[35mCOMMIT[0m
  [1m[35m (0.2ms)[0m  [1m[35mBEGIN[0m
  [1m[35mSQL (0.5ms)[0m  [1m[32mINSERT INTO "entries" ("author", "content", "date", "time", "category", "created_at", "updated_at") VALUES ($1, $2, $3, $4, $5, $6, $7) RETURNING "id"[0m  [["author", "admin"], ["content", "Why is my site broken?"], ["date", "07132017"], ["time", "1821"], ["category", "nightmare"], ["created_at", "2017-07-14 13:41:44.930840"], ["updated_at", "2017-07-14 13:41:44.930840"]]
  [1m[35m (0.5ms)[0m  [1m[35mCOMMIT[0m
  [1m[35m (0.2ms)[0m  [1m[35mBEGIN[0m
  [1m[35mSQL (0.4ms)[0m  [1m[32mINSERT INTO "entries" ("author", "content", "date", "time", "category", "created_at", "updated_at") VALUES ($1, $2, $3, $4, $5, $6, $7) RETURNING "id"[0m  [["author", "admin"], ["content", "Why is my site broken?"], ["date", "07132017"], ["time", "1821"], ["category", "nightmare"], ["created_at", "2017-07-14 13:41:44.933922"], ["updated_at", "2017-07-14 13:41:44.933922"]]
  [1m[35m (0.4ms)[0m  [1m[35mCOMMIT[0m
  [1m[35m (0.2ms)[0m  [1m[35mBEGIN[0m
  [1m[35mSQL (0.4ms)[0m  [1m[32mINSERT INTO "entries" ("author", "content", "date", "time", "category", "created_at", "updated_at") VALUES ($1, $2, $3, $4, $5, $6, $7) RETURNING "id"[0m  [["author", "admin"], ["content", "Why is my site broken?"], ["date", "07132017"], ["time", "1821"], ["category", "nightmare"], ["created_at", "2017-07-14 13:41:44.936677"], ["updated_at", "2017-07-14 13:41:44.936677"]]
  [1m[35m (0.4ms)[0m  [1m[35mCOMMIT[0m
  [1m[35m (0.1ms)[0m  [1m[35mBEGIN[0m
  [1m[35mSQL (0.3ms)[0m  [1m[32mINSERT INTO "entries" ("author", "content", "date", "time", "category", "created_at", "updated_at") VALUES ($1, $2, $3, $4, $5, $6, $7) RETURNING "id"[0m  [["author", "admin"], ["content", "Why is my site broken?"], ["date", "07132017"], ["time", "1821"], ["category", "nightmare"], ["created_at", "2017-07-14 13:41:44.939265"], ["updated_at", "2017-07-14 13:41:44.939265"]]
  [1m[35m (0.4ms)[0m  [1m[35mCOMMIT[0m
  [1m[35m (0.1ms)[0m  [1m[35mBEGIN[0m
  [1m[35mSQL (0.3ms)[0m  [1m[32mINSERT INTO "entries" ("author", "content", "date", "time", "category", "created_at", "updated_at") VALUES ($1, $2, $3, $4, $5, $6, $7) RETURNING "id"[0m  [["author", "admin"], ["content", "Why is my site broken?"], ["date", "07132017"], ["time", "1821"], ["category", "nightmare"], ["created_at", "2017-07-14 13:41:44.941367"], ["updated_at", "2017-07-14 13:41:44.941367"]]
  [1m[35m (0.4ms)[0m  [1m[35mCOMMIT[0m
  [1m[35m (0.2ms)[0m  [1m[35mBEGIN[0m
  [1m[35mSQL (0.4ms)[0m  [1m[32mINSERT INTO "entries" ("author", "content", "date", "time", "category", "created_at", "updated_at") VALUES ($1, $2, $3, $4, $5, $6, $7) RETURNING "id"[0m  [["author", "admin"], ["content", "Why is my site broken?"], ["date", "07132017"], ["time", "1821"], ["category", "nightmare"], ["created_at", "2017-07-14 13:41:44.943643"], ["updated_at", "2017-07-14 13:41:44.943643"]]
  [1m[35m (0.4ms)[0m  [1m[35mCOMMIT[0m
  [1m[35m (0.1ms)[0m  [1m[35mBEGIN[0m
  [1m[35mSQL (0.4ms)[0m  [1m[32mINSERT INTO "entries" ("author", "content", "date", "time", "category", "created_at", "updated_at") VALUES ($1, $2, $3, $4, $5, $6, $7) RETURNING "id"[0m  [["author", "admin"], ["content", "Why is my site broken?"], ["date", "07132017"], ["time", "1821"], ["category", "nightmare"], ["created_at", "2017-07-14 13:41:44.946315"], ["updated_at", "2017-07-14 13:41:44.946315"]]
  [1m[35m (0.4ms)[0m  [1m[35mCOMMIT[0m
  [1m[35m (0.1ms)[0m  [1m[35mBEGIN[0m
  [1m[35mSQL (0.3ms)[0m  [1m[32mINSERT INTO "entries" ("author", "content", "date", "time", "category", "created_at", "updated_at") VALUES ($1, $2, $3, $4, $5, $6, $7) RETURNING "id"[0m  [["author", "admin"], ["content", "Why is my site broken?"], ["date", "07132017"], ["time", "1821"], ["category", "nightmare"], ["created_at", "2017-07-14 13:41:44.948609"], ["updated_at", "2017-07-14 13:41:44.948609"]]
  [1m[35m (0.4ms)[0m  [1m[35mCOMMIT[0m
  [1m[35m (0.1ms)[0m  [1m[35mBEGIN[0m
  [1m[35mSQL (0.3ms)[0m  [1m[32mINSERT INTO "entries" ("author", "content", "date", "time", "category", "created_at", "updated_at") VALUES ($1, $2, $3, $4, $5, $6, $7) RETURNING "id"[0m  [["author", "admin"], ["content", "Why is my site broken?"], ["date", "07132017"], ["time", "1821"], ["category", "nightmare"], ["created_at", "2017-07-14 13:41:44.950538"], ["updated_at", "2017-07-14 13:41:44.950538"]]
  [1m[35m (0.4ms)[0m  [1m[35mCOMMIT[0m
